#
# A fatal error has been detected by the Java Runtime Environment:
#
#  Internal Error (./open/src/hotspot/share/interpreter/oopMapCache.cpp:111), pid=20612, tid=16388
#  Error: ShouldNotReachHere()
#
# JRE version: Java(TM) SE Runtime Environment (15.0.1+9) (build 15.0.1+9-18)
# Java VM: Java HotSpot(TM) 64-Bit Server VM (15.0.1+9-18, mixed mode, sharing, tiered, compressed oops, g1 gc, windows-amd64)
# No core dump will be written. Minidumps are not enabled by default on client versions of Windows
#
# If you would like to submit a bug report, please visit:
#   https://bugreport.java.com/bugreport/crash.jsp
#

---------------  S U M M A R Y ------------

Command Line: -XX:+ShowCodeDetailsInExceptionMessages -agentlib:jdwp=transport=dt_socket,suspend=y,address=localhost:61381 -javaagent:E:\Eclipse\eclipse\configuration\org.eclipse.osgi\222\0\.cp\lib\javaagent-shaded.jar -Dfile.encoding=UTF-8 com.task.TaskApplication

Host: Intel(R) Core(TM) i5-8265U CPU @ 1.60GHz, 8 cores, 7G,  Windows 10 , 64 bit Build 17763 (10.0.17763.475)
Time: Mon Oct 18 16:31:42 2021 Aaea?onu (ceia) elapsed time: 49.836527 seconds (0d 0h 0m 49s)

---------------  T H R E A D  ---------------

Current thread (0x00000273bff9b580):  JavaThread "JDWP Transport Listener: dt_socket" daemon [_thread_in_vm, id=16388, stack(0x000000b5d4c00000,0x000000b5d4d00000)] _threads_hazard_ptr=0x00000273c38b00f0

Stack: [0x000000b5d4c00000,0x000000b5d4d00000]
Native frames: (J=compiled Java code, j=interpreted, Vv=VM code, C=native code)
V  [jvm.dll+0x62ae9a]
V  [jvm.dll+0x781389]
V  [jvm.dll+0x782ae3]
V  [jvm.dll+0x7830f7]
V  [jvm.dll+0x2161cc]
V  [jvm.dll+0x216113]
V  [jvm.dll+0x619caa]
V  [jvm.dll+0x619963]
V  [jvm.dll+0x5df038]
V  [jvm.dll+0x7783ef]
V  [jvm.dll+0x4f04b1]
V  [jvm.dll+0x787e95]
V  [jvm.dll+0x4d430a]
V  [jvm.dll+0x49548b]
C  [jdwp.dll+0x796b]


---------------  P R O C E S S  ---------------

Threads class SMR info:
_java_thread_list=0x00000273c38b00f0, length=22, elements={
0x00000273bf0b9ec0, 0x00000273bf0ba9a0, 0x00000273bfc07330, 0x00000273bfc09c00,
0x00000273bfc0a5c0, 0x00000273bfc0b2b0, 0x00000273bfc13cc0, 0x00000273bfc1d410,
0x00000273bf0a0f10, 0x00000273bff9b580, 0x00000273bfefb8d0, 0x00000273bfefbdc0,
0x00000273c0c2edb0, 0x00000273c285e2f0, 0x00000273c285a930, 0x00000273c2857de0,
0x00000273c285d950, 0x00000273c285e7c0, 0x00000273c2859ac0, 0x00000273c285c140,
0x00000273c2859f90, 0x00000273c2858780
}

Java Threads: ( => current thread )
  0x00000273bf0b9ec0 JavaThread "Reference Handler" daemon [_thread_blocked, id=16204, stack(0x000000b5d4300000,0x000000b5d4400000)]
  0x00000273bf0ba9a0 JavaThread "Finalizer" daemon [_thread_blocked, id=16092, stack(0x000000b5d4400000,0x000000b5d4500000)]
  0x00000273bfc07330 JavaThread "Signal Dispatcher" daemon [_thread_blocked, id=16796, stack(0x000000b5d4500000,0x000000b5d4600000)]
  0x00000273bfc09c00 JavaThread "Attach Listener" daemon [_thread_blocked, id=18496, stack(0x000000b5d4600000,0x000000b5d4700000)]
  0x00000273bfc0a5c0 JavaThread "Service Thread" daemon [_thread_blocked, id=21336, stack(0x000000b5d4700000,0x000000b5d4800000)]
  0x00000273bfc0b2b0 JavaThread "C2 CompilerThread0" daemon [_thread_blocked, id=17784, stack(0x000000b5d4800000,0x000000b5d4900000)]
  0x00000273bfc13cc0 JavaThread "C1 CompilerThread0" daemon [_thread_blocked, id=16708, stack(0x000000b5d4900000,0x000000b5d4a00000)]
  0x00000273bfc1d410 JavaThread "Sweeper thread" daemon [_thread_blocked, id=18876, stack(0x000000b5d4a00000,0x000000b5d4b00000)]
  0x00000273bf0a0f10 JavaThread "Common-Cleaner" daemon [_thread_blocked, id=18176, stack(0x000000b5d4b00000,0x000000b5d4c00000)]
=>0x00000273bff9b580 JavaThread "JDWP Transport Listener: dt_socket" daemon [_thread_in_vm, id=16388, stack(0x000000b5d4c00000,0x000000b5d4d00000)] _threads_hazard_ptr=0x00000273c38b00f0
  0x00000273bfefb8d0 JavaThread "JDWP Event Helper Thread" daemon [_thread_blocked, id=15176, stack(0x000000b5d4d00000,0x000000b5d4e00000)]
  0x00000273bfefbdc0 JavaThread "JDWP Command Reader" daemon [_thread_in_native, id=1784, stack(0x000000b5d4e00000,0x000000b5d4f00000)]
  0x00000273c0c2edb0 JavaThread "Notification Thread" daemon [_thread_blocked, id=19640, stack(0x000000b5d5100000,0x000000b5d5200000)]
  0x00000273c285e2f0 JavaThread "mysql-cj-abandoned-connection-cleanup" daemon [_thread_blocked, id=19040, stack(0x000000b5d5500000,0x000000b5d5600000)]
  0x00000273c285a930 JavaThread "HikariPool-1 housekeeper" daemon [_thread_blocked, id=21004, stack(0x000000b5d5b00000,0x000000b5d5c00000)]
  0x00000273c2857de0 JavaThread "Catalina-utility-1" [_thread_blocked, id=16276, stack(0x000000b5d5d00000,0x000000b5d5e00000)]
  0x00000273c285d950 JavaThread "Catalina-utility-2" [_thread_blocked, id=20912, stack(0x000000b5d5e00000,0x000000b5d5f00000)]
  0x00000273c285e7c0 JavaThread "container-0" [_thread_blocked, id=21248, stack(0x000000b5d5f00000,0x000000b5d6000000)]
  0x00000273c2859ac0 JavaThread "http-nio-8080-Poller" daemon [_thread_in_native, id=12036, stack(0x000000b5d6200000,0x000000b5d6300000)]
  0x00000273c285c140 JavaThread "http-nio-8080-Acceptor" daemon [_thread_in_native, id=16956, stack(0x000000b5d6300000,0x000000b5d6400000)]
  0x00000273c2859f90 JavaThread "DestroyJavaVM" [_thread_blocked, id=5172, stack(0x000000b5d3c00000,0x000000b5d3d00000)]
  0x00000273c2858780 JavaThread "http-nio-8080-exec-1" daemon [_thread_blocked, id=18132, stack(0x000000b5d4f00000,0x000000b5d5000000)]

Other Threads:
  0x00000273bf0b8730 VMThread "VM Thread" [stack: 0x000000b5d4200000,0x000000b5d4300000] [id=12764]
  0x00000273c0a68d00 WatcherThread [stack: 0x000000b5d5200000,0x000000b5d5300000] [id=5864]
  0x00000273a09c3900 GCTaskThread "GC Thread#0" [stack: 0x000000b5d3d00000,0x000000b5d3e00000] [id=15336]
  0x00000273c062a210 GCTaskThread "GC Thread#1" [stack: 0x000000b5d5300000,0x000000b5d5400000] [id=21100]
  0x00000273c062a540 GCTaskThread "GC Thread#2" [stack: 0x000000b5d5400000,0x000000b5d5500000] [id=11024]
  0x00000273c0629880 GCTaskThread "GC Thread#3" [stack: 0x000000b5d5600000,0x000000b5d5700000] [id=18572]
  0x00000273c0628230 GCTaskThread "GC Thread#4" [stack: 0x000000b5d5800000,0x000000b5d5900000] [id=7600]
  0x00000273c0627570 GCTaskThread "GC Thread#5" [stack: 0x000000b5d5900000,0x000000b5d5a00000] [id=17188]
  0x00000273cce8b5e0 GCTaskThread "GC Thread#6" [stack: 0x000000b5d6000000,0x000000b5d6100000] [id=2736]
  0x00000273cce8bc40 GCTaskThread "GC Thread#7" [stack: 0x000000b5d6100000,0x000000b5d6200000] [id=17412]
  0x00000273a09d5670 ConcurrentGCThread "G1 Main Marker" [stack: 0x000000b5d3e00000,0x000000b5d3f00000] [id=17752]
  0x00000273a09d61f0 ConcurrentGCThread "G1 Conc#0" [stack: 0x000000b5d3f00000,0x000000b5d4000000] [id=15316]
  0x00000273c0628560 ConcurrentGCThread "G1 Conc#1" [stack: 0x000000b5d5a00000,0x000000b5d5b00000] [id=12156]
  0x00000273a0a2dca0 ConcurrentGCThread "G1 Refine#0" [stack: 0x000000b5d4000000,0x000000b5d4100000] [id=20360]
  0x00000273a0a2e830 ConcurrentGCThread "G1 Young RemSet Sampling" [stack: 0x000000b5d4100000,0x000000b5d4200000] [id=11612]

Threads with active compile tasks:

VM state: not at safepoint (normal execution)

VM Mutex/Monitor currently owned by a thread: None

Heap address: 0x0000000082400000, size: 2012 MB, Compressed Oops mode: 32-bit
CDS archive(s) mapped at: [0x0000000800000000-0x0000000800b50000-0x0000000800b50000), size 11862016, SharedBaseAddress: 0x0000000800000000, ArchiveRelocationMode: 0.
Compressed class space mapped at: 0x0000000800b50000-0x0000000840b50000, size: 1073741824
Narrow klass base: 0x0000000800000000, Narrow klass shift: 3, Narrow klass range: 0x100000000

GC Precious Log:
 CPUs: 8 total, 8 available
 Memory: 8043M
 Large Page Support: Disabled
 NUMA Support: Disabled
 Compressed Oops: Enabled (32-bit)
 Heap Region Size: 1M
 Heap Min Capacity: 8M
 Heap Initial Capacity: 126M
 Heap Max Capacity: 2012M
 Pre-touch: Disabled
 Parallel Workers: 8
 Concurrent Workers: 2
 Concurrent Refinement Workers: 8
 Periodic GC: Disabled

Heap:
 garbage-first heap   total 135168K, used 89965K [0x0000000082400000, 0x0000000100000000)
  region size 1024K, 60 young (61440K), 7 survivors (7168K)
 Metaspace       used 76027K, capacity 76698K, committed 76952K, reserved 1116160K
  class space    used 9709K, capacity 9926K, committed 9964K, reserved 1048576K

Heap Regions: E=young(eden), S=young(survivor), O=old, HS=humongous(starts), HC=humongous(continues), CS=collection set, F=free, OA=open archive, CA=closed archive, TAMS=top-at-mark-start (previous, next)
|   0|0x0000000082400000, 0x0000000082500000, 0x0000000082500000|100%|HS|  |TAMS 0x0000000082500000, 0x0000000082400000| Complete 
|   1|0x0000000082500000, 0x0000000082600000, 0x0000000082600000|100%| O|  |TAMS 0x0000000082600000, 0x0000000082500000| Untracked 
|   2|0x0000000082600000, 0x0000000082700000, 0x0000000082700000|100%| O|  |TAMS 0x0000000082700000, 0x0000000082600000| Untracked 
|   3|0x0000000082700000, 0x0000000082800000, 0x0000000082800000|100%| O|  |TAMS 0x0000000082800000, 0x0000000082700000| Untracked 
|   4|0x0000000082800000, 0x0000000082900000, 0x0000000082900000|100%| O|  |TAMS 0x0000000082900000, 0x0000000082800000| Untracked 
|   5|0x0000000082900000, 0x0000000082a00000, 0x0000000082a00000|100%| O|  |TAMS 0x0000000082a00000, 0x0000000082900000| Untracked 
|   6|0x0000000082a00000, 0x0000000082b00000, 0x0000000082b00000|100%| O|  |TAMS 0x0000000082b00000, 0x0000000082a00000| Untracked 
|   7|0x0000000082b00000, 0x0000000082c00000, 0x0000000082c00000|100%| O|  |TAMS 0x0000000082c00000, 0x0000000082b00000| Untracked 
|   8|0x0000000082c00000, 0x0000000082d00000, 0x0000000082d00000|100%| O|  |TAMS 0x0000000082d00000, 0x0000000082c00000| Untracked 
|   9|0x0000000082d00000, 0x0000000082dff800, 0x0000000082e00000| 99%| O|  |TAMS 0x0000000082dff800, 0x0000000082d00000| Untracked 
|  10|0x0000000082e00000, 0x0000000082f00000, 0x0000000082f00000|100%| O|  |TAMS 0x0000000082f00000, 0x0000000082e00000| Untracked 
|  11|0x0000000082f00000, 0x0000000083000000, 0x0000000083000000|100%| O|  |TAMS 0x0000000083000000, 0x0000000082f00000| Untracked 
|  12|0x0000000083000000, 0x0000000083100000, 0x0000000083100000|100%| O|  |TAMS 0x0000000083100000, 0x0000000083000000| Untracked 
|  13|0x0000000083100000, 0x0000000083200000, 0x0000000083200000|100%| O|  |TAMS 0x0000000083200000, 0x0000000083100000| Untracked 
|  14|0x0000000083200000, 0x0000000083300000, 0x0000000083300000|100%| O|  |TAMS 0x0000000083300000, 0x0000000083200000| Untracked 
|  15|0x0000000083300000, 0x0000000083400000, 0x0000000083400000|100%| O|  |TAMS 0x0000000083400000, 0x0000000083300000| Untracked 
|  16|0x0000000083400000, 0x0000000083500000, 0x0000000083500000|100%| O|  |TAMS 0x0000000083500000, 0x0000000083400000| Untracked 
|  17|0x0000000083500000, 0x0000000083600000, 0x0000000083600000|100%| O|  |TAMS 0x0000000083600000, 0x0000000083500000| Untracked 
|  18|0x0000000083600000, 0x0000000083700000, 0x0000000083700000|100%| O|  |TAMS 0x0000000083700000, 0x0000000083600000| Untracked 
|  19|0x0000000083700000, 0x0000000083800000, 0x0000000083800000|100%| O|  |TAMS 0x0000000083800000, 0x0000000083700000| Untracked 
|  20|0x0000000083800000, 0x0000000083900000, 0x0000000083900000|100%| O|  |TAMS 0x0000000083900000, 0x0000000083800000| Untracked 
|  21|0x0000000083900000, 0x0000000083a00000, 0x0000000083a00000|100%| O|  |TAMS 0x0000000083a00000, 0x0000000083900000| Untracked 
|  22|0x0000000083a00000, 0x0000000083b00000, 0x0000000083b00000|100%| O|  |TAMS 0x0000000083b00000, 0x0000000083a00000| Untracked 
|  23|0x0000000083b00000, 0x0000000083c00000, 0x0000000083c00000|100%| O|  |TAMS 0x0000000083c00000, 0x0000000083b00000| Untracked 
|  24|0x0000000083c00000, 0x0000000083d00000, 0x0000000083d00000|100%| O|  |TAMS 0x0000000083d00000, 0x0000000083c00000| Untracked 
|  25|0x0000000083d00000, 0x0000000083e00000, 0x0000000083e00000|100%| O|  |TAMS 0x0000000083e00000, 0x0000000083d00000| Untracked 
|  26|0x0000000083e00000, 0x0000000083ef6800, 0x0000000083f00000| 96%| O|  |TAMS 0x0000000083ef6800, 0x0000000083e00000| Untracked 
|  27|0x0000000083f00000, 0x0000000084000000, 0x0000000084000000|100%| O|  |TAMS 0x0000000083f00000, 0x0000000083f00000| Untracked 
|  28|0x0000000084000000, 0x0000000084100000, 0x0000000084100000|100%| O|  |TAMS 0x0000000084000000, 0x0000000084000000| Untracked 
|  29|0x0000000084100000, 0x00000000841a4400, 0x0000000084200000| 64%| O|  |TAMS 0x0000000084100000, 0x0000000084100000| Untracked 
|  30|0x0000000084200000, 0x0000000084200000, 0x0000000084300000|  0%| F|  |TAMS 0x0000000084200000, 0x0000000084200000| Untracked 
|  31|0x0000000084300000, 0x0000000084300000, 0x0000000084400000|  0%| F|  |TAMS 0x0000000084300000, 0x0000000084300000| Untracked 
|  32|0x0000000084400000, 0x0000000084400000, 0x0000000084500000|  0%| F|  |TAMS 0x0000000084400000, 0x0000000084400000| Untracked 
|  33|0x0000000084500000, 0x0000000084500000, 0x0000000084600000|  0%| F|  |TAMS 0x0000000084500000, 0x0000000084500000| Untracked 
|  34|0x0000000084600000, 0x0000000084600000, 0x0000000084700000|  0%| F|  |TAMS 0x0000000084600000, 0x0000000084600000| Untracked 
|  35|0x0000000084700000, 0x0000000084700000, 0x0000000084800000|  0%| F|  |TAMS 0x0000000084700000, 0x0000000084700000| Untracked 
|  36|0x0000000084800000, 0x0000000084800000, 0x0000000084900000|  0%| F|  |TAMS 0x0000000084800000, 0x0000000084800000| Untracked 
|  37|0x0000000084900000, 0x0000000084900000, 0x0000000084a00000|  0%| F|  |TAMS 0x0000000084900000, 0x0000000084900000| Untracked 
|  38|0x0000000084a00000, 0x0000000084a00000, 0x0000000084b00000|  0%| F|  |TAMS 0x0000000084a00000, 0x0000000084a00000| Untracked 
|  39|0x0000000084b00000, 0x0000000084b41150, 0x0000000084c00000| 25%| S|CS|TAMS 0x0000000084b00000, 0x0000000084b00000| Complete 
|  40|0x0000000084c00000, 0x0000000084d00000, 0x0000000084d00000|100%| S|CS|TAMS 0x0000000084c00000, 0x0000000084c00000| Complete 
|  41|0x0000000084d00000, 0x0000000084e00000, 0x0000000084e00000|100%| S|CS|TAMS 0x0000000084d00000, 0x0000000084d00000| Complete 
|  42|0x0000000084e00000, 0x0000000084f00000, 0x0000000084f00000|100%| S|CS|TAMS 0x0000000084e00000, 0x0000000084e00000| Complete 
|  43|0x0000000084f00000, 0x0000000085000000, 0x0000000085000000|100%| S|CS|TAMS 0x0000000084f00000, 0x0000000084f00000| Complete 
|  44|0x0000000085000000, 0x0000000085000000, 0x0000000085100000|  0%| F|  |TAMS 0x0000000085000000, 0x0000000085000000| Untracked 
|  45|0x0000000085100000, 0x0000000085100000, 0x0000000085200000|  0%| F|  |TAMS 0x0000000085100000, 0x0000000085100000| Untracked 
|  46|0x0000000085200000, 0x0000000085200000, 0x0000000085300000|  0%| F|  |TAMS 0x0000000085200000, 0x0000000085200000| Untracked 
|  47|0x0000000085300000, 0x0000000085300000, 0x0000000085400000|  0%| F|  |TAMS 0x0000000085300000, 0x0000000085300000| Untracked 
|  48|0x0000000085400000, 0x0000000085400000, 0x0000000085500000|  0%| F|  |TAMS 0x0000000085400000, 0x0000000085400000| Untracked 
|  49|0x0000000085500000, 0x0000000085600000, 0x0000000085600000|100%| S|CS|TAMS 0x0000000085500000, 0x0000000085500000| Complete 
|  50|0x0000000085600000, 0x0000000085700000, 0x0000000085700000|100%| S|CS|TAMS 0x0000000085600000, 0x0000000085600000| Complete 
|  51|0x0000000085700000, 0x0000000085700000, 0x0000000085800000|  0%| F|  |TAMS 0x0000000085700000, 0x0000000085700000| Untracked 
|  52|0x0000000085800000, 0x0000000085800000, 0x0000000085900000|  0%| F|  |TAMS 0x0000000085800000, 0x0000000085800000| Untracked 
|  53|0x0000000085900000, 0x0000000085900000, 0x0000000085a00000|  0%| F|  |TAMS 0x0000000085900000, 0x0000000085900000| Untracked 
|  54|0x0000000085a00000, 0x0000000085a00000, 0x0000000085b00000|  0%| F|  |TAMS 0x0000000085a00000, 0x0000000085a00000| Untracked 
|  55|0x0000000085b00000, 0x0000000085b00000, 0x0000000085c00000|  0%| F|  |TAMS 0x0000000085b00000, 0x0000000085b00000| Untracked 
|  56|0x0000000085c00000, 0x0000000085c00000, 0x0000000085d00000|  0%| F|  |TAMS 0x0000000085c00000, 0x0000000085c00000| Untracked 
|  57|0x0000000085d00000, 0x0000000085d00000, 0x0000000085e00000|  0%| F|  |TAMS 0x0000000085d00000, 0x0000000085d00000| Untracked 
|  58|0x0000000085e00000, 0x0000000085e00000, 0x0000000085f00000|  0%| F|  |TAMS 0x0000000085e00000, 0x0000000085e00000| Untracked 
|  59|0x0000000085f00000, 0x0000000085f00000, 0x0000000086000000|  0%| F|  |TAMS 0x0000000085f00000, 0x0000000085f00000| Untracked 
|  60|0x0000000086000000, 0x0000000086000000, 0x0000000086100000|  0%| F|  |TAMS 0x0000000086000000, 0x0000000086000000| Untracked 
|  61|0x0000000086100000, 0x0000000086100000, 0x0000000086200000|  0%| F|  |TAMS 0x0000000086100000, 0x0000000086100000| Untracked 
|  62|0x0000000086200000, 0x0000000086200000, 0x0000000086300000|  0%| F|  |TAMS 0x0000000086200000, 0x0000000086200000| Untracked 
|  63|0x0000000086300000, 0x0000000086300000, 0x0000000086400000|  0%| F|  |TAMS 0x0000000086300000, 0x0000000086300000| Untracked 
|  64|0x0000000086400000, 0x0000000086400000, 0x0000000086500000|  0%| F|  |TAMS 0x0000000086400000, 0x0000000086400000| Untracked 
|  65|0x0000000086500000, 0x0000000086500000, 0x0000000086600000|  0%| F|  |TAMS 0x0000000086500000, 0x0000000086500000| Untracked 
|  66|0x0000000086600000, 0x0000000086600000, 0x0000000086700000|  0%| F|  |TAMS 0x0000000086600000, 0x0000000086600000| Untracked 
|  67|0x0000000086700000, 0x0000000086700000, 0x0000000086800000|  0%| F|  |TAMS 0x0000000086700000, 0x0000000086700000| Untracked 
|  68|0x0000000086800000, 0x0000000086800000, 0x0000000086900000|  0%| F|  |TAMS 0x0000000086800000, 0x0000000086800000| Untracked 
|  69|0x0000000086900000, 0x0000000086900000, 0x0000000086a00000|  0%| F|  |TAMS 0x0000000086900000, 0x0000000086900000| Untracked 
|  70|0x0000000086a00000, 0x0000000086a00000, 0x0000000086b00000|  0%| F|  |TAMS 0x0000000086a00000, 0x0000000086a00000| Untracked 
|  71|0x0000000086b00000, 0x0000000086b00000, 0x0000000086c00000|  0%| F|  |TAMS 0x0000000086b00000, 0x0000000086b00000| Untracked 
|  72|0x0000000086c00000, 0x0000000086c00000, 0x0000000086d00000|  0%| F|  |TAMS 0x0000000086c00000, 0x0000000086c00000| Untracked 
|  73|0x0000000086d00000, 0x0000000086d00000, 0x0000000086e00000|  0%| F|  |TAMS 0x0000000086d00000, 0x0000000086d00000| Untracked 
|  74|0x0000000086e00000, 0x0000000086e00000, 0x0000000086f00000|  0%| F|  |TAMS 0x0000000086e00000, 0x0000000086e00000| Untracked 
|  75|0x0000000086f00000, 0x0000000086f00000, 0x0000000087000000|  0%| F|  |TAMS 0x0000000086f00000, 0x0000000086f00000| Untracked 
|  76|0x0000000087000000, 0x0000000087000000, 0x0000000087100000|  0%| F|  |TAMS 0x0000000087000000, 0x0000000087000000| Untracked 
|  77|0x0000000087100000, 0x0000000087100000, 0x0000000087200000|  0%| F|  |TAMS 0x0000000087100000, 0x0000000087100000| Untracked 
|  78|0x0000000087200000, 0x0000000087200000, 0x0000000087300000|  0%| F|  |TAMS 0x0000000087200000, 0x0000000087200000| Untracked 
|  79|0x0000000087300000, 0x0000000087380800, 0x0000000087400000| 50%| E|  |TAMS 0x0000000087300000, 0x0000000087300000| Complete 
|  80|0x0000000087400000, 0x0000000087500000, 0x0000000087500000|100%| E|CS|TAMS 0x0000000087400000, 0x0000000087400000| Complete 
|  81|0x0000000087500000, 0x0000000087600000, 0x0000000087600000|100%| E|CS|TAMS 0x0000000087500000, 0x0000000087500000| Complete 
|  82|0x0000000087600000, 0x0000000087700000, 0x0000000087700000|100%| E|CS|TAMS 0x0000000087600000, 0x0000000087600000| Complete 
|  83|0x0000000087700000, 0x0000000087800000, 0x0000000087800000|100%| E|CS|TAMS 0x0000000087700000, 0x0000000087700000| Complete 
|  84|0x0000000087800000, 0x0000000087900000, 0x0000000087900000|100%| E|CS|TAMS 0x0000000087800000, 0x0000000087800000| Complete 
|  85|0x0000000087900000, 0x0000000087a00000, 0x0000000087a00000|100%| E|CS|TAMS 0x0000000087900000, 0x0000000087900000| Complete 
|  86|0x0000000087a00000, 0x0000000087b00000, 0x0000000087b00000|100%| E|CS|TAMS 0x0000000087a00000, 0x0000000087a00000| Complete 
|  87|0x0000000087b00000, 0x0000000087c00000, 0x0000000087c00000|100%| E|CS|TAMS 0x0000000087b00000, 0x0000000087b00000| Complete 
|  88|0x0000000087c00000, 0x0000000087d00000, 0x0000000087d00000|100%| E|CS|TAMS 0x0000000087c00000, 0x0000000087c00000| Complete 
|  89|0x0000000087d00000, 0x0000000087e00000, 0x0000000087e00000|100%| E|CS|TAMS 0x0000000087d00000, 0x0000000087d00000| Complete 
|  90|0x0000000087e00000, 0x0000000087f00000, 0x0000000087f00000|100%| E|CS|TAMS 0x0000000087e00000, 0x0000000087e00000| Complete 
|  91|0x0000000087f00000, 0x0000000088000000, 0x0000000088000000|100%| E|CS|TAMS 0x0000000087f00000, 0x0000000087f00000| Complete 
|  92|0x0000000088000000, 0x0000000088100000, 0x0000000088100000|100%| E|CS|TAMS 0x0000000088000000, 0x0000000088000000| Complete 
|  93|0x0000000088100000, 0x0000000088200000, 0x0000000088200000|100%| E|CS|TAMS 0x0000000088100000, 0x0000000088100000| Complete 
|  94|0x0000000088200000, 0x0000000088300000, 0x0000000088300000|100%| E|CS|TAMS 0x0000000088200000, 0x0000000088200000| Complete 
|  95|0x0000000088300000, 0x0000000088400000, 0x0000000088400000|100%| E|CS|TAMS 0x0000000088300000, 0x0000000088300000| Complete 
|  96|0x0000000088400000, 0x0000000088500000, 0x0000000088500000|100%| E|CS|TAMS 0x0000000088400000, 0x0000000088400000| Complete 
|  97|0x0000000088500000, 0x0000000088600000, 0x0000000088600000|100%| E|CS|TAMS 0x0000000088500000, 0x0000000088500000| Complete 
|  98|0x0000000088600000, 0x0000000088700000, 0x0000000088700000|100%| E|CS|TAMS 0x0000000088600000, 0x0000000088600000| Complete 
|  99|0x0000000088700000, 0x0000000088800000, 0x0000000088800000|100%| E|CS|TAMS 0x0000000088700000, 0x0000000088700000| Complete 
| 100|0x0000000088800000, 0x0000000088900000, 0x0000000088900000|100%| E|CS|TAMS 0x0000000088800000, 0x0000000088800000| Complete 
| 101|0x0000000088900000, 0x0000000088a00000, 0x0000000088a00000|100%| E|CS|TAMS 0x0000000088900000, 0x0000000088900000| Complete 
| 102|0x0000000088a00000, 0x0000000088b00000, 0x0000000088b00000|100%| E|CS|TAMS 0x0000000088a00000, 0x0000000088a00000| Complete 
| 103|0x0000000088b00000, 0x0000000088c00000, 0x0000000088c00000|100%| E|CS|TAMS 0x0000000088b00000, 0x0000000088b00000| Complete 
| 104|0x0000000088c00000, 0x0000000088d00000, 0x0000000088d00000|100%| E|CS|TAMS 0x0000000088c00000, 0x0000000088c00000| Complete 
| 105|0x0000000088d00000, 0x0000000088e00000, 0x0000000088e00000|100%| E|CS|TAMS 0x0000000088d00000, 0x0000000088d00000| Complete 
| 106|0x0000000088e00000, 0x0000000088f00000, 0x0000000088f00000|100%| E|CS|TAMS 0x0000000088e00000, 0x0000000088e00000| Complete 
| 107|0x0000000088f00000, 0x0000000089000000, 0x0000000089000000|100%| E|CS|TAMS 0x0000000088f00000, 0x0000000088f00000| Complete 
| 108|0x0000000089000000, 0x0000000089100000, 0x0000000089100000|100%| E|CS|TAMS 0x0000000089000000, 0x0000000089000000| Complete 
| 109|0x0000000089100000, 0x0000000089200000, 0x0000000089200000|100%| E|CS|TAMS 0x0000000089100000, 0x0000000089100000| Complete 
| 110|0x0000000089200000, 0x0000000089300000, 0x0000000089300000|100%| E|CS|TAMS 0x0000000089200000, 0x0000000089200000| Complete 
| 111|0x0000000089300000, 0x0000000089400000, 0x0000000089400000|100%| E|CS|TAMS 0x0000000089300000, 0x0000000089300000| Complete 
| 112|0x0000000089400000, 0x0000000089500000, 0x0000000089500000|100%| E|CS|TAMS 0x0000000089400000, 0x0000000089400000| Complete 
| 113|0x0000000089500000, 0x0000000089600000, 0x0000000089600000|100%| E|CS|TAMS 0x0000000089500000, 0x0000000089500000| Complete 
| 114|0x0000000089600000, 0x0000000089700000, 0x0000000089700000|100%| E|CS|TAMS 0x0000000089600000, 0x0000000089600000| Complete 
| 115|0x0000000089700000, 0x0000000089800000, 0x0000000089800000|100%| E|CS|TAMS 0x0000000089700000, 0x0000000089700000| Complete 
| 116|0x0000000089800000, 0x0000000089900000, 0x0000000089900000|100%| E|CS|TAMS 0x0000000089800000, 0x0000000089800000| Complete 
| 117|0x0000000089900000, 0x0000000089a00000, 0x0000000089a00000|100%| E|CS|TAMS 0x0000000089900000, 0x0000000089900000| Complete 
| 118|0x0000000089a00000, 0x0000000089b00000, 0x0000000089b00000|100%| E|CS|TAMS 0x0000000089a00000, 0x0000000089a00000| Complete 
| 119|0x0000000089b00000, 0x0000000089c00000, 0x0000000089c00000|100%| E|CS|TAMS 0x0000000089b00000, 0x0000000089b00000| Complete 
| 120|0x0000000089c00000, 0x0000000089d00000, 0x0000000089d00000|100%| E|CS|TAMS 0x0000000089c00000, 0x0000000089c00000| Complete 
| 121|0x0000000089d00000, 0x0000000089e00000, 0x0000000089e00000|100%| E|CS|TAMS 0x0000000089d00000, 0x0000000089d00000| Complete 
| 122|0x0000000089e00000, 0x0000000089f00000, 0x0000000089f00000|100%| E|CS|TAMS 0x0000000089e00000, 0x0000000089e00000| Complete 
| 123|0x0000000089f00000, 0x000000008a000000, 0x000000008a000000|100%| E|CS|TAMS 0x0000000089f00000, 0x0000000089f00000| Complete 
| 124|0x000000008a000000, 0x000000008a100000, 0x000000008a100000|100%| E|CS|TAMS 0x000000008a000000, 0x000000008a000000| Complete 
| 125|0x000000008a100000, 0x000000008a200000, 0x000000008a200000|100%| E|CS|TAMS 0x000000008a100000, 0x000000008a100000| Complete 
| 126|0x000000008a200000, 0x000000008a300000, 0x000000008a300000|100%| E|CS|TAMS 0x000000008a200000, 0x000000008a200000| Complete 
| 127|0x000000008a300000, 0x000000008a400000, 0x000000008a400000|100%| E|CS|TAMS 0x000000008a300000, 0x000000008a300000| Complete 
| 128|0x000000008a400000, 0x000000008a500000, 0x000000008a500000|100%| E|CS|TAMS 0x000000008a400000, 0x000000008a400000| Complete 
| 129|0x000000008a500000, 0x000000008a600000, 0x000000008a600000|100%| E|CS|TAMS 0x000000008a500000, 0x000000008a500000| Complete 
| 130|0x000000008a600000, 0x000000008a700000, 0x000000008a700000|100%| E|CS|TAMS 0x000000008a600000, 0x000000008a600000| Complete 
| 151|0x000000008bb00000, 0x000000008bc00000, 0x000000008bc00000|100%| E|CS|TAMS 0x000000008bb00000, 0x000000008bb00000| Complete 

Card table byte_map: [0x00000273b82b0000,0x00000273b86a0000] _byte_map_base: 0x00000273b7e9e000

Marking Bits (Prev, Next): (CMBitMap*) 0x00000273a09c5090, (CMBitMap*) 0x00000273a09c50d0
 Prev Bits: [0x00000273b8a90000, 0x00000273baa00000)
 Next Bits: [0x00000273baa00000, 0x00000273bc970000)

Polling page: 0x000002739e810000

Metaspace:

Usage:
  Non-class:     65.21 MB capacity,    64.76 MB (>99%) used,   353.21 KB ( <1%) free+waste,   100.56 KB ( <1%) overhead. 
      Class:      9.69 MB capacity,     9.48 MB ( 98%) used,   178.73 KB (  2%) free+waste,    37.69 KB ( <1%) overhead. 
       Both:     74.90 MB capacity,    74.25 MB (>99%) used,   531.95 KB ( <1%) free+waste,   138.25 KB ( <1%) overhead. 

Virtual space:
  Non-class space:       66.00 MB reserved,      65.42 MB (>99%) committed 
      Class space:        1.00 GB reserved,       9.73 MB ( <1%) committed 
             Both:        1.06 GB reserved,      75.15 MB (  7%) committed 

Chunk freelists:
   Non-Class:  24.00 KB
       Class:  26.00 KB
        Both:  50.00 KB

MaxMetaspaceSize: 17179869184.00 GB
CompressedClassSpaceSize: 1.00 GB

CodeHeap 'non-profiled nmethods': size=120000Kb used=5377Kb max_used=5377Kb free=114623Kb
 bounds [0x00000273b0660000, 0x00000273b0bb0000, 0x00000273b7b90000]
CodeHeap 'profiled nmethods': size=120000Kb used=14581Kb max_used=14581Kb free=105418Kb
 bounds [0x00000273a9130000, 0x00000273a9f70000, 0x00000273b0660000]
CodeHeap 'non-nmethods': size=5760Kb used=1428Kb max_used=1580Kb free=4331Kb
 bounds [0x00000273a8b90000, 0x00000273a8e00000, 0x00000273a9130000]
 total_blobs=7735 nmethods=7102 adapters=544
 compilation: enabled
              stopped_count=0, restarted_count=0
 full_count=0

Compilation events (20 events):
Event: 20.125 Thread 0x00000273c6894b10 nmethod 7877 0x00000273b0b68610 code [0x00000273b0b69000, 0x00000273b0b782f8]
Event: 20.959 Thread 0x00000273bfc0b2b0 nmethod 7840% 0x00000273b0b7dd90 code [0x00000273b0b7e520, 0x00000273b0b955d0]
Event: 31.565 Thread 0x00000273bfc13cc0 7903       3       jdk.internal.misc.Unsafe::weakCompareAndSetLong (11 bytes)
Event: 31.565 Thread 0x00000273bfc13cc0 nmethod 7903 0x00000273a9f6bf90 code [0x00000273a9f6c120, 0x00000273a9f6c238]
Event: 38.200 Thread 0x00000273bfc0b2b0 7905       4       java.util.concurrent.locks.AbstractQueuedSynchronizer::signalNext (34 bytes)
Event: 38.200 Thread 0x00000273bfc13cc0 7904       3       java.util.concurrent.ThreadPoolExecutor::runStateAtLeast (11 bytes)
Event: 38.200 Thread 0x00000273bfc13cc0 nmethod 7904 0x00000273a9f6c310 code [0x00000273a9f6c4a0, 0x00000273a9f6c5d8]
Event: 38.201 Thread 0x00000273bfc0b2b0 nmethod 7905 0x00000273b0b9f590 code [0x00000273b0b9f720, 0x00000273b0b9f7d8]
Event: 40.176 Thread 0x00000273bfc13cc0 7906       3       java.util.concurrent.ScheduledThreadPoolExecutor$DelayedWorkQueue::setIndex (16 bytes)
Event: 40.177 Thread 0x00000273bfc13cc0 nmethod 7906 0x00000273a9f6c690 code [0x00000273a9f6c840, 0x00000273a9f6cb78]
Event: 41.176 Thread 0x00000273bfc0b2b0 7907       4       java.util.concurrent.locks.AbstractQueuedSynchronizer::release (19 bytes)
Event: 41.178 Thread 0x00000273bfc0b2b0 nmethod 7907 0x00000273b0b9f890 code [0x00000273b0b9fa20, 0x00000273b0b9fc38]
Event: 42.176 Thread 0x00000273bfc13cc0 7908       3       java.util.concurrent.TimeUnit::toNanos (45 bytes)
Event: 42.176 Thread 0x00000273bfc13cc0 nmethod 7908 0x00000273a9f6cc90 code [0x00000273a9f6ce20, 0x00000273a9f6d038]
Event: 44.176 Thread 0x00000273bfc13cc0 7909       3       jdk.internal.misc.Unsafe::putReferenceOpaque (9 bytes)
Event: 44.176 Thread 0x00000273bfc13cc0 nmethod 7909 0x00000273a9f6d110 code [0x00000273a9f6d2a0, 0x00000273a9f6d3f8]
Event: 44.575 Thread 0x00000273bfc13cc0 7910       1       java.lang.Thread::isInterrupted (5 bytes)
Event: 44.575 Thread 0x00000273bfc13cc0 nmethod 7910 0x00000273b0b9fe10 code [0x00000273b0b9ffa0, 0x00000273b0ba0058]
Event: 48.202 Thread 0x00000273bfc13cc0 7911       1       java.util.concurrent.locks.ReentrantReadWriteLock::readLock (5 bytes)
Event: 48.202 Thread 0x00000273bfc13cc0 nmethod 7911 0x00000273b0ba0110 code [0x00000273b0ba02a0, 0x00000273b0ba0358]

GC Heap History (20 events):
Event: 4.395 GC heap before
{Heap before GC invocations=13 (full 0):
 garbage-first heap   total 75776K, used 61317K [0x0000000082400000, 0x0000000100000000)
  region size 1024K, 44 young (45056K), 4 survivors (4096K)
 Metaspace       used 37398K, capacity 37789K, committed 38060K, reserved 1083392K
  class space    used 4629K, capacity 4772K, committed 4864K, reserved 1048576K
}
Event: 4.405 GC heap after
{Heap after GC invocations=14 (full 0):
 garbage-first heap   total 75776K, used 22297K [0x0000000082400000, 0x0000000100000000)
  region size 1024K, 3 young (3072K), 3 survivors (3072K)
 Metaspace       used 37398K, capacity 37789K, committed 38060K, reserved 1083392K
  class space    used 4629K, capacity 4772K, committed 4864K, reserved 1048576K
}
Event: 4.755 GC heap before
{Heap before GC invocations=14 (full 0):
 garbage-first heap   total 75776K, used 62233K [0x0000000082400000, 0x0000000100000000)
  region size 1024K, 41 young (41984K), 3 survivors (3072K)
 Metaspace       used 41521K, capacity 41962K, committed 42156K, reserved 1085440K
  class space    used 5104K, capacity 5265K, committed 5376K, reserved 1048576K
}
Event: 4.763 GC heap after
{Heap after GC invocations=15 (full 0):
 garbage-first heap   total 95232K, used 24780K [0x0000000082400000, 0x0000000100000000)
  region size 1024K, 5 young (5120K), 5 survivors (5120K)
 Metaspace       used 41521K, capacity 41962K, committed 42156K, reserved 1085440K
  class space    used 5104K, capacity 5265K, committed 5376K, reserved 1048576K
}
Event: 5.361 GC heap before
{Heap before GC invocations=15 (full 0):
 garbage-first heap   total 95232K, used 75980K [0x0000000082400000, 0x0000000100000000)
  region size 1024K, 55 young (56320K), 5 survivors (5120K)
 Metaspace       used 45869K, capacity 46300K, committed 46508K, reserved 1089536K
  class space    used 5652K, capacity 5812K, committed 5888K, reserved 1048576K
}
Event: 5.373 GC heap after
{Heap after GC invocations=16 (full 0):
 garbage-first heap   total 95232K, used 27997K [0x0000000082400000, 0x0000000100000000)
  region size 1024K, 7 young (7168K), 7 survivors (7168K)
 Metaspace       used 45869K, capacity 46300K, committed 46508K, reserved 1089536K
  class space    used 5652K, capacity 5812K, committed 5888K, reserved 1048576K
}
Event: 5.920 GC heap before
{Heap before GC invocations=16 (full 0):
 garbage-first heap   total 95232K, used 75101K [0x0000000082400000, 0x0000000100000000)
  region size 1024K, 54 young (55296K), 7 survivors (7168K)
 Metaspace       used 49127K, capacity 49685K, committed 49964K, reserved 1093632K
  class space    used 5994K, capacity 6202K, committed 6272K, reserved 1048576K
}
Event: 5.931 GC heap after
{Heap after GC invocations=17 (full 0):
 garbage-first heap   total 95232K, used 29141K [0x0000000082400000, 0x0000000100000000)
  region size 1024K, 5 young (5120K), 5 survivors (5120K)
 Metaspace       used 49127K, capacity 49685K, committed 49964K, reserved 1093632K
  class space    used 5994K, capacity 6202K, committed 6272K, reserved 1048576K
}
Event: 6.293 GC heap before
{Heap before GC invocations=17 (full 0):
 garbage-first heap   total 95232K, used 77269K [0x0000000082400000, 0x0000000100000000)
  region size 1024K, 52 young (53248K), 5 survivors (5120K)
 Metaspace       used 53726K, capacity 54273K, committed 54572K, reserved 1097728K
  class space    used 6762K, capacity 6941K, committed 7040K, reserved 1048576K
}
Event: 6.302 GC heap after
{Heap after GC invocations=18 (full 0):
 garbage-first heap   total 95232K, used 29656K [0x0000000082400000, 0x0000000100000000)
  region size 1024K, 2 young (2048K), 2 survivors (2048K)
 Metaspace       used 53726K, capacity 54273K, committed 54572K, reserved 1097728K
  class space    used 6762K, capacity 6941K, committed 7040K, reserved 1048576K
}
Event: 6.745 GC heap before
{Heap before GC invocations=18 (full 0):
 garbage-first heap   total 95232K, used 78808K [0x0000000082400000, 0x0000000100000000)
  region size 1024K, 50 young (51200K), 2 survivors (2048K)
 Metaspace       used 58536K, capacity 59050K, committed 59180K, reserved 1101824K
  class space    used 7371K, capacity 7551K, committed 7552K, reserved 1048576K
}
Event: 6.757 GC heap after
{Heap after GC invocations=19 (full 0):
 garbage-first heap   total 115712K, used 30670K [0x0000000082400000, 0x0000000100000000)
  region size 1024K, 3 young (3072K), 3 survivors (3072K)
 Metaspace       used 58536K, capacity 59050K, committed 59180K, reserved 1101824K
  class space    used 7371K, capacity 7551K, committed 7552K, reserved 1048576K
}
Event: 6.804 GC heap before
{Heap before GC invocations=19 (full 0):
 garbage-first heap   total 115712K, used 36814K [0x0000000082400000, 0x0000000100000000)
  region size 1024K, 10 young (10240K), 3 survivors (3072K)
 Metaspace       used 59062K, capacity 59562K, committed 59564K, reserved 1101824K
  class space    used 7494K, capacity 7679K, committed 7680K, reserved 1048576K
}
Event: 6.811 GC heap after
{Heap after GC invocations=20 (full 0):
 garbage-first heap   total 115712K, used 30680K [0x0000000082400000, 0x0000000100000000)
  region size 1024K, 3 young (3072K), 3 survivors (3072K)
 Metaspace       used 59062K, capacity 59562K, committed 59564K, reserved 1101824K
  class space    used 7494K, capacity 7679K, committed 7680K, reserved 1048576K
}
Event: 7.524 GC heap before
{Heap before GC invocations=21 (full 0):
 garbage-first heap   total 112640K, used 95192K [0x0000000082400000, 0x0000000100000000)
  region size 1024K, 66 young (67584K), 3 survivors (3072K)
 Metaspace       used 64250K, capacity 64771K, committed 65048K, reserved 1105920K
  class space    used 8219K, capacity 8430K, committed 8556K, reserved 1048576K
}
Event: 7.535 GC heap after
{Heap after GC invocations=22 (full 0):
 garbage-first heap   total 112640K, used 32552K [0x0000000082400000, 0x0000000100000000)
  region size 1024K, 5 young (5120K), 5 survivors (5120K)
 Metaspace       used 64250K, capacity 64771K, committed 65048K, reserved 1105920K
  class space    used 8219K, capacity 8430K, committed 8556K, reserved 1048576K
}
Event: 8.203 GC heap before
{Heap before GC invocations=23 (full 0):
 garbage-first heap   total 112640K, used 95016K [0x0000000082400000, 0x0000000100000000)
  region size 1024K, 66 young (67584K), 5 survivors (5120K)
 Metaspace       used 68640K, capacity 69169K, committed 69400K, reserved 1110016K
  class space    used 8790K, capacity 8993K, committed 9068K, reserved 1048576K
}
Event: 8.212 GC heap after
{Heap after GC invocations=24 (full 0):
 garbage-first heap   total 112640K, used 34686K [0x0000000082400000, 0x0000000100000000)
  region size 1024K, 6 young (6144K), 6 survivors (6144K)
 Metaspace       used 68640K, capacity 69169K, committed 69400K, reserved 1110016K
  class space    used 8790K, capacity 8993K, committed 9068K, reserved 1048576K
}
Event: 8.757 GC heap before
{Heap before GC invocations=24 (full 0):
 garbage-first heap   total 112640K, used 95102K [0x0000000082400000, 0x0000000100000000)
  region size 1024K, 65 young (66560K), 6 survivors (6144K)
 Metaspace       used 71467K, capacity 72046K, committed 72344K, reserved 1112064K
  class space    used 9155K, capacity 9362K, committed 9452K, reserved 1048576K
}
Event: 8.763 GC heap after
{Heap after GC invocations=25 (full 0):
 garbage-first heap   total 135168K, used 36717K [0x0000000082400000, 0x0000000100000000)
  region size 1024K, 7 young (7168K), 7 survivors (7168K)
 Metaspace       used 71467K, capacity 72046K, committed 72344K, reserved 1112064K
  class space    used 9155K, capacity 9362K, committed 9452K, reserved 1048576K
}

Deoptimization events (20 events):
Event: 19.670 Thread 0x00000273c2858780 DEOPT PACKING pc=0x00000273b0994778 sp=0x000000b5d4ffc7c0
Event: 19.670 Thread 0x00000273c2858780 DEOPT UNPACKING pc=0x00000273a8bde23f sp=0x000000b5d4ffbc58 mode 1
Event: 19.670 Thread 0x00000273c2858780 Uncommon trap: trap_request=0xffffff97 fr.pc=0x00000273b07ae420 relative=0x0000000000006620
Event: 19.670 Thread 0x00000273c2858780 Uncommon trap: reason=unhandled action=none pc=0x00000273b07ae420 method=jdk.internal.loader.BuiltinClassLoader.loadClass(Ljava/lang/String;Z)Ljava/lang/Class; @ 19 c2
Event: 19.670 Thread 0x00000273c2858780 DEOPT PACKING pc=0x00000273b07ae420 sp=0x000000b5d4ffc660
Event: 19.670 Thread 0x00000273c2858780 DEOPT UNPACKING pc=0x00000273a8bde42f sp=0x000000b5d4ffc760 mode 2
Event: 19.670 Thread 0x00000273c2858780 DEOPT PACKING pc=0x00000273b0994778 sp=0x000000b5d4ffc890
Event: 19.670 Thread 0x00000273c2858780 DEOPT UNPACKING pc=0x00000273a8bde23f sp=0x000000b5d4ffbd28 mode 1
Event: 19.690 Thread 0x00000273c2858780 DEOPT PACKING pc=0x00000273a9e001e7 sp=0x000000b5d4ffadf0
Event: 19.690 Thread 0x00000273c2858780 DEOPT UNPACKING pc=0x00000273a8bde23f sp=0x000000b5d4ffa3b0 mode 0
Event: 19.693 Thread 0x00000273c2858780 Uncommon trap: trap_request=0xffffff45 fr.pc=0x00000273b07c98e0 relative=0x0000000000000060
Event: 19.693 Thread 0x00000273c2858780 Uncommon trap: reason=unstable_if action=reinterpret pc=0x00000273b07c98e0 method=java.util.Objects.equals(Ljava/lang/Object;Ljava/lang/Object;)Z @ 6 c2
Event: 19.693 Thread 0x00000273c2858780 DEOPT PACKING pc=0x00000273b07c98e0 sp=0x000000b5d4ffc9b0
Event: 19.693 Thread 0x00000273c2858780 DEOPT UNPACKING pc=0x00000273a8bde42f sp=0x000000b5d4ffc950 mode 2
Event: 19.711 Thread 0x00000273c2858780 DEOPT PACKING pc=0x00000273a9f3efac sp=0x000000b5d4ffb120
Event: 19.711 Thread 0x00000273c2858780 DEOPT UNPACKING pc=0x00000273a8bde23f sp=0x000000b5d4ffa650 mode 0
Event: 43.093 Thread 0x00000273bff9b580 Uncommon trap: trap_request=0xffffff45 fr.pc=0x00000273b0994ea0 relative=0x00000000000003e0
Event: 43.093 Thread 0x00000273bff9b580 Uncommon trap: reason=unstable_if action=reinterpret pc=0x00000273b0994ea0 method=sun.instrument.InstrumentationImpl.transform(Ljava/lang/Module;Ljava/lang/ClassLoader;Ljava/lang/String;Ljava/lang/Class;Ljava/security/ProtectionDomain;[BZ)[B @ 24 c2
Event: 43.093 Thread 0x00000273bff9b580 DEOPT PACKING pc=0x00000273b0994ea0 sp=0x000000b5d4cfe2a0
Event: 43.093 Thread 0x00000273bff9b580 DEOPT UNPACKING pc=0x00000273a8bde42f sp=0x000000b5d4cfe2f8 mode 2

Classes unloaded (0 events):
No events

Classes redefined (2 events):
Event: 43.103 Thread 0x00000273bf0b8730 redefined class name=com.task.controller.TaskController, count=1
Event: 49.666 Thread 0x00000273bf0b8730 redefined class name=com.task.controller.TaskController, count=2

Internal exceptions (20 events):
Event: 8.467 Thread 0x00000273a0985cf0 Exception <a 'java/lang/ClassNotFoundException'{0x00000000877ccf90}: java/lang/ObjectCustomizer> (0x00000000877ccf90) 
thrown [./open/src/hotspot/share/classfile/systemDictionary.cpp, line 295]
Event: 8.467 Thread 0x00000273a0985cf0 Exception <a 'java/lang/ClassNotFoundException'{0x00000000877d6c08}: org/springframework/security/config/annotation/web/configuration/WebSecurityConfigurationCustomizer> (0x00000000877d6c08) 
thrown [./open/src/hotspot/share/classfile/systemDictionary.cpp, line 295]
Event: 8.468 Thread 0x00000273a0985cf0 Exception <a 'java/lang/ClassNotFoundException'{0x00000000877e75d8}: org/springframework/context/annotation/ImportAwareCustomizer> (0x00000000877e75d8) 
thrown [./open/src/hotspot/share/classfile/systemDictionary.cpp, line 295]
Event: 8.469 Thread 0x00000273a0985cf0 Exception <a 'java/lang/ClassNotFoundException'{0x00000000877eda48}: org/springframework/beans/factory/AwareCustomizer> (0x00000000877eda48) 
thrown [./open/src/hotspot/share/classfile/systemDictionary.cpp, line 295]
Event: 8.469 Thread 0x00000273a0985cf0 Exception <a 'java/lang/ClassNotFoundException'{0x00000000877f3458}: org/springframework/beans/factory/BeanClassLoaderAwareCustomizer> (0x00000000877f3458) 
thrown [./open/src/hotspot/share/classfile/systemDictionary.cpp, line 295]
Event: 8.469 Thread 0x00000273a0985cf0 Exception <a 'java/lang/ClassNotFoundException'{0x00000000877f98d8}: org/springframework/beans/factory/AwareCustomizer> (0x00000000877f98d8) 
thrown [./open/src/hotspot/share/classfile/systemDictionary.cpp, line 295]
Event: 8.591 Thread 0x00000273a0985cf0 Implicit null exception at 0x00000273b081ee52 to 0x00000273b081ef12
Event: 8.642 Thread 0x00000273a0985cf0 Exception <a 'java/lang/ClassNotFoundException'{0x00000000863e0558}: java/lang/ObjectCustomizer> (0x00000000863e0558) 
thrown [./open/src/hotspot/share/classfile/systemDictionary.cpp, line 295]
Event: 8.643 Thread 0x00000273a0985cf0 Exception <a 'java/lang/ClassNotFoundException'{0x00000000863ea1d0}: org/springframework/security/config/annotation/web/configuration/HttpSecurityConfigurationCustomizer> (0x00000000863ea1d0) 
thrown [./open/src/hotspot/share/classfile/systemDictionary.cpp, line 295]
Event: 8.703 Thread 0x00000273a0985cf0 Exception <a 'java/lang/NoSuchMethodError'{0x0000000085cc3278}: 'java.lang.Object java.lang.invoke.DirectMethodHandle$Holder.invokeInterface(java.lang.Object, java.lang.Object, java.lang.Object, java.lang.Object)'> (0x0000000085cc3278) 
thrown [./open/src/hotspot/share/interpreter/linkResolver.cpp, line 782]
Event: 8.824 Thread 0x00000273a0985cf0 Exception <a 'java/lang/NoSuchMethodError'{0x000000008a3b5c90}: 'void java.lang.invoke.DirectMethodHandle$Holder.invokeVirtual(java.lang.Object, java.lang.Object, int)'> (0x000000008a3b5c90) 
thrown [./open/src/hotspot/share/interpreter/linkResolver.cpp, line 782]
Event: 8.828 Thread 0x00000273a0985cf0 Exception <a 'java/lang/NoSuchMethodError'{0x000000008a3d1f60}: 'void java.lang.invoke.DirectMethodHandle$Holder.invokeVirtual(java.lang.Object, java.lang.Object, long)'> (0x000000008a3d1f60) 
thrown [./open/src/hotspot/share/interpreter/linkResolver.cpp, line 782]
Event: 8.949 Thread 0x00000273a0985cf0 Exception <a 'java/lang/IncompatibleClassChangeError'{0x00000000897f3d60}: Found class java.lang.Object, but interface was expected> (0x00000000897f3d60) 
thrown [./open/src/hotspot/share/interpreter/linkResolver.cpp, line 848]
Event: 8.993 Thread 0x00000273a0985cf0 Exception <a 'java/lang/NoSuchMethodError'{0x0000000089387540}: 'int java.lang.invoke.DirectMethodHandle$Holder.invokeStaticInit(java.lang.Object, java.lang.Object, java.lang.Object, java.lang.Object)'> (0x0000000089387540) 
thrown [./open/src/hotspot/share/interpreter/linkResolver.cpp, line 782]
Event: 9.028 Thread 0x00000273a0985cf0 Implicit null exception at 0x00000273b08c5b60 to 0x00000273b08c5dfc
Event: 9.149 Thread 0x00000273a0985cf0 Exception <a 'java/lang/NoSuchMethodError'{0x0000000088500e88}: 'java.lang.Object java.lang.invoke.DirectMethodHandle$Holder.invokeSpecial(java.lang.Object, java.lang.Object, int, java.lang.Object, int, java.lang.Object)'> (0x0000000088500e88) 
thrown [./open/src/hotspot/share/interpreter/linkResolver.cpp, line 782]
Event: 9.150 Thread 0x00000273a0985cf0 Exception <a 'java/lang/NoSuchMethodError'{0x0000000088509670}: 'java.lang.Object java.lang.invoke.DirectMethodHandle$Holder.newInvokeSpecial(java.lang.Object, java.lang.Object, int, java.lang.Object, int)'> (0x0000000088509670) 
thrown [./open/src/hotspot/share/interpreter/linkResolver.cpp, line 782]
Event: 9.150 Thread 0x00000273a0985cf0 Exception <a 'java/lang/NoSuchMethodError'{0x000000008850d880}: 'java.lang.Object java.lang.invoke.DirectMethodHandle$Holder.invokeSpecial(java.lang.Object, java.lang.Object, java.lang.Object, int, java.lang.Object, int)'> (0x000000008850d880) 
thrown [./open/src/hotspot/share/interpreter/linkResolver.cpp, line 782]
Event: 9.152 Thread 0x00000273a0985cf0 Exception <a 'java/lang/NoSuchMethodError'{0x000000008851d480}: 'void java.lang.invoke.DirectMethodHandle$Holder.invokeVirtual(java.lang.Object, java.lang.Object)'> (0x000000008851d480) 
thrown [./open/src/hotspot/share/interpreter/linkResolver.cpp, line 782]
Event: 49.835 Thread 0x00000273bff9b580 Exception <a 'java/lang/LinkageError'{0x0000000087310fc0}> (0x0000000087310fc0) 
thrown [./open/src/hotspot/share/oops/generateOopMap.cpp, line 2137]

Events (20 events):
Event: 49.703 Executing VM operation: GetCurrentLocation
Event: 49.703 Executing VM operation: GetCurrentLocation done
Event: 49.703 Executing VM operation: ChangeSingleStep
Event: 49.703 Executing VM operation: ChangeSingleStep done
Event: 49.703 Executing VM operation: GetFrameLocation
Event: 49.703 Executing VM operation: GetFrameLocation done
Event: 49.703 Executing VM operation: get/set locals
Event: 49.703 Executing VM operation: get/set locals done
Event: 49.704 Executing VM operation: ChangeSingleStep
Event: 49.704 Executing VM operation: ChangeSingleStep done
Event: 49.704 Executing VM operation: GetFrameCount
Event: 49.704 Executing VM operation: GetFrameCount done
Event: 49.705 Executing VM operation: GetFrameCount
Event: 49.706 Executing VM operation: GetFrameCount done
Event: 49.706 Executing VM operation: GetStackTrace
Event: 49.706 Executing VM operation: GetStackTrace done
Event: 49.706 Executing VM operation: GetFrameCount
Event: 49.706 Executing VM operation: GetFrameCount done
Event: 49.835 Executing VM operation: GetFrameLocation
Event: 49.835 Executing VM operation: GetFrameLocation done


Dynamic libraries:
0x00007ff7875a0000 - 0x00007ff7875af000 	C:\Program Files\Java\jdk-15.0.1\bin\javaw.exe
0x00007fff88120000 - 0x00007fff8830d000 	C:\windows\SYSTEM32\ntdll.dll
0x00007fff855a0000 - 0x00007fff85653000 	C:\windows\System32\KERNEL32.DLL
0x00007fff84410000 - 0x00007fff846a5000 	C:\windows\System32\KERNELBASE.dll
0x00007fff84270000 - 0x00007fff8436a000 	C:\windows\System32\ucrtbase.dll
0x00007fff80030000 - 0x00007fff80049000 	C:\Program Files\Java\jdk-15.0.1\bin\VCRUNTIME140.dll
0x00007fff80050000 - 0x00007fff80068000 	C:\Program Files\Java\jdk-15.0.1\bin\jli.dll
0x00007fff853f0000 - 0x00007fff85493000 	C:\windows\System32\ADVAPI32.dll
0x00007fff854a0000 - 0x00007fff8553e000 	C:\windows\System32\msvcrt.dll
0x00007fff857a0000 - 0x00007fff8583e000 	C:\windows\System32\sechost.dll
0x00007fff872e0000 - 0x00007fff87402000 	C:\windows\System32\RPCRT4.dll
0x00007fff87900000 - 0x00007fff87a97000 	C:\windows\System32\USER32.dll
0x00007fff846b0000 - 0x00007fff846d0000 	C:\windows\System32\win32u.dll
0x00007fff70be0000 - 0x00007fff70e59000 	C:\windows\WinSxS\amd64_microsoft.windows.common-controls_6595b64144ccf1df_6.0.17763.1577_none_de7444545348a3d0\COMCTL32.dll
0x00007fff858b0000 - 0x00007fff858d9000 	C:\windows\System32\GDI32.dll
0x00007fff85a10000 - 0x00007fff85d3d000 	C:\windows\System32\combase.dll
0x00007fff85010000 - 0x00007fff851ac000 	C:\windows\System32\gdi32full.dll
0x00007fff841f0000 - 0x00007fff8426e000 	C:\windows\System32\bcryptPrimitives.dll
0x00007fff84370000 - 0x00007fff84410000 	C:\windows\System32\msvcp_win.dll
0x00007fff79b70000 - 0x00007fff79b7a000 	C:\windows\SYSTEM32\VERSION.dll
0x00007fff87850000 - 0x00007fff8787e000 	C:\windows\System32\IMM32.DLL
0x00007fff80020000 - 0x00007fff8002c000 	C:\Program Files\Java\jdk-15.0.1\bin\vcruntime140_1.dll
0x00007fff7c7b0000 - 0x00007fff7c841000 	C:\Program Files\Java\jdk-15.0.1\bin\msvcp140.dll
0x00007ffeec6c0000 - 0x00007ffeed21e000 	C:\Program Files\Java\jdk-15.0.1\bin\server\jvm.dll
0x00007fff85840000 - 0x00007fff85848000 	C:\windows\System32\PSAPI.DLL
0x00007fff6a930000 - 0x00007fff6a939000 	C:\windows\SYSTEM32\WSOCK32.dll
0x00007fff801f0000 - 0x00007fff80214000 	C:\windows\SYSTEM32\WINMM.dll
0x00007fff87250000 - 0x00007fff872bd000 	C:\windows\System32\WS2_32.dll
0x00007fff801c0000 - 0x00007fff801ed000 	C:\windows\SYSTEM32\winmmbase.dll
0x00007fff851b0000 - 0x00007fff851fa000 	C:\windows\System32\cfgmgr32.dll
0x00007fff84180000 - 0x00007fff84191000 	C:\windows\System32\kernel.appcore.dll
0x00007fff80010000 - 0x00007fff8001a000 	C:\Program Files\Java\jdk-15.0.1\bin\jimage.dll
0x00007fff82aa0000 - 0x00007fff82c8d000 	C:\windows\SYSTEM32\DBGHELP.DLL
0x00007fff6c250000 - 0x00007fff6c27a000 	C:\windows\SYSTEM32\dbgcore.DLL
0x00007fff1cb90000 - 0x00007fff1cbc9000 	C:\Program Files\Java\jdk-15.0.1\bin\jdwp.dll
0x00007fff80000000 - 0x00007fff8000e000 	C:\Program Files\Java\jdk-15.0.1\bin\instrument.dll
0x00007fff7e9b0000 - 0x00007fff7e9d5000 	C:\Program Files\Java\jdk-15.0.1\bin\java.dll
0x00007fff85d40000 - 0x00007fff87239000 	C:\windows\System32\SHELL32.dll
0x00007fff85340000 - 0x00007fff853e8000 	C:\windows\System32\shcore.dll
0x00007fff848b0000 - 0x00007fff85003000 	C:\windows\System32\windows.storage.dll
0x00007fff841a0000 - 0x00007fff841c4000 	C:\windows\System32\profapi.dll
0x00007fff84120000 - 0x00007fff8417d000 	C:\windows\System32\powrprof.dll
0x00007fff87aa0000 - 0x00007fff87af2000 	C:\windows\System32\shlwapi.dll
0x00007fff841d0000 - 0x00007fff841e7000 	C:\windows\System32\cryptsp.dll
0x00007fff73660000 - 0x00007fff7366b000 	C:\Program Files\Java\jdk-15.0.1\bin\dt_socket.dll
0x00007fff83690000 - 0x00007fff836cd000 	C:\windows\SYSTEM32\IPHLPAPI.DLL
0x00007fff83970000 - 0x00007fff839d7000 	C:\windows\system32\mswsock.dll
0x00007fff836d0000 - 0x00007fff83796000 	C:\windows\SYSTEM32\DNSAPI.dll
0x00007fff85790000 - 0x00007fff85798000 	C:\windows\System32\NSI.dll
0x000000005cbd0000 - 0x000000005cbf6000 	C:\Program Files\Bonjour\mdnsNSP.dll
0x00007fff71010000 - 0x00007fff7101a000 	C:\Windows\System32\rasadhlp.dll
0x00007fff71d30000 - 0x00007fff71da9000 	C:\windows\System32\fwpuclnt.dll
0x00007fff85200000 - 0x00007fff85226000 	C:\windows\System32\bcrypt.dll
0x00007fff7ffe0000 - 0x00007fff7fff8000 	C:\Program Files\Java\jdk-15.0.1\bin\zip.dll
0x00007fff7e990000 - 0x00007fff7e9a9000 	C:\Program Files\Java\jdk-15.0.1\bin\net.dll
0x00007fff7e290000 - 0x00007fff7e384000 	C:\windows\SYSTEM32\WINHTTP.dll
0x00007fff7a630000 - 0x00007fff7a642000 	C:\Program Files\Java\jdk-15.0.1\bin\nio.dll
0x00007fff7c7a0000 - 0x00007fff7c7b0000 	C:\Program Files\Java\jdk-15.0.1\bin\verify.dll
0x00007fff738a0000 - 0x00007fff738a9000 	C:\Program Files\Java\jdk-15.0.1\bin\management.dll
0x00007fff73890000 - 0x00007fff7389b000 	C:\Program Files\Java\jdk-15.0.1\bin\management_ext.dll
0x00007fff61a30000 - 0x00007fff61a46000 	C:\windows\system32\napinsp.dll
0x00007fff61a10000 - 0x00007fff61a2a000 	C:\windows\system32\pnrpnsp.dll
0x00007fff619d0000 - 0x00007fff619de000 	C:\windows\System32\winrnr.dll
0x00007fff7fda0000 - 0x00007fff7fdbb000 	C:\windows\system32\NLAapi.dll
0x00007fff7a650000 - 0x00007fff7a665000 	C:\windows\system32\wshbth.dll
0x00007fff83490000 - 0x00007fff834c3000 	C:\windows\system32\rsaenh.dll
0x00007fff84000000 - 0x00007fff84029000 	C:\windows\SYSTEM32\USERENV.dll
0x00007fff83b40000 - 0x00007fff83b4c000 	C:\windows\SYSTEM32\CRYPTBASE.dll
0x00007fff75d30000 - 0x00007fff75d46000 	C:\windows\SYSTEM32\dhcpcsvc6.DLL
0x00007fff75e20000 - 0x00007fff75e3c000 	C:\windows\SYSTEM32\dhcpcsvc.DLL

dbghelp: loaded successfully - version: 4.0.5 - missing functions: none
symbol engine: initialized successfully - sym options: 0x614 - pdb path: .;C:\Program Files\Java\jdk-15.0.1\bin;C:\windows\SYSTEM32;C:\windows\WinSxS\amd64_microsoft.windows.common-controls_6595b64144ccf1df_6.0.17763.1577_none_de7444545348a3d0;C:\Program Files\Java\jdk-15.0.1\bin\server;C:\Program Files\Bonjour

VM Arguments:
jvm_args: -XX:+ShowCodeDetailsInExceptionMessages -agentlib:jdwp=transport=dt_socket,suspend=y,address=localhost:61381 -javaagent:E:\Eclipse\eclipse\configuration\org.eclipse.osgi\222\0\.cp\lib\javaagent-shaded.jar -Dfile.encoding=UTF-8 
java_command: com.task.TaskApplication
java_class_path (initial): E:\Eclipse\Workspace\task\target\classes;C:\Users\\.m2\repository\org\mapstruct\mapstruct\1.4.2.Final\mapstruct-1.4.2.Final.jar;C:\Users\\.m2\repository\org\mapstruct\mapstruct-processor\1.4.2.Final\mapstruct-processor-1.4.2.Final.jar;C:\Users\\.m2\repository\org\liquibase\liquibase-core\4.3.5\liquibase-core-4.3.5.jar;C:\Users\\.m2\repository\javax\xml\bind\jaxb-api\2.3.1\jaxb-api-2.3.1.jar;C:\Users\\.m2\repository\javax\activation\javax.activation-api\1.2.0\javax.activation-api-1.2.0.jar;C:\Users\\.m2\repository\org\liquibase\ext\liquibase-hibernate5\4.3.0\liquibase-hibernate5-4.3.0.jar;C:\Users\\.m2\repository\org\hibernate\hibernate-core\5.4.32.Final\hibernate-core-5.4.32.Final.jar;C:\Users\\.m2\repository\org\jboss\logging\jboss-logging\3.4.2.Final\jboss-logging-3.4.2.Final.jar;C:\Users\\.m2\repository\javax\persistence\javax.persistence-api\2.2\javax.persistence-api-2.2.jar;C:\Users\\.m2\repository\org\javassist\javassist\3.27.0-GA\javassist-3.27.0-GA.jar;C:\Users\\.m2\repository\net\bytebuddy\byte-buddy\1.10.22\byte-buddy-1.10.22.jar;C:\Users\\.m2\repository\antlr\antlr\2.7.7\antlr-2.7.7.jar;C:\Users\\.m2\repository\org\jboss\spec\javax\transaction\jboss-transaction-api_1.2_spec\1.1.1.Final\jboss-transaction-api_1.2_spec-1.1.1.Final.jar;C:\Users\\.m2\repository\org\jboss\jandex\2.2.3.Final\jandex-2.2.3.Final.jar;C:\Users\\.m2\repository\com\fasterxml\classmate\1.5.1\classmate-1.5.1.jar;C:\Users\\.m2\repository\org\dom4j\dom4j\2.1.3\dom4j-2.1.3.jar;C:\Users\\.m2\repository\org\hibernate\common\hibernate-commons-annotations\5.1.2.Final\hibernate-commons-annotations-5.1.2.Final.jar;C:\Users\\.m2\repository\org\hibernate\hibernate-entitymanager\5.4.32.Final\hibernate-entitymanager-5.4.32.Final.jar;C:\Users\\.m2\repository\org\hibernate\hibernate-envers\5.4.32.Final\hibernate-envers-5.4.32.Final.jar;C:\Use
Launcher Type: SUN_STANDARD

[Global flags]
     intx CICompilerCount                          = 4                                         {product} {ergonomic}
     uint ConcGCThreads                            = 2                                         {product} {ergonomic}
     uint G1ConcRefinementThreads                  = 8                                         {product} {ergonomic}
   size_t G1HeapRegionSize                         = 1048576                                   {product} {ergonomic}
    uintx GCDrainStackTargetSize                   = 64                                        {product} {ergonomic}
   size_t InitialHeapSize                          = 132120576                                 {product} {ergonomic}
   size_t MarkStackSize                            = 4194304                                   {product} {ergonomic}
   size_t MaxHeapSize                              = 2109734912                                {product} {ergonomic}
   size_t MaxNewSize                               = 1265631232                                {product} {ergonomic}
   size_t MinHeapDeltaBytes                        = 1048576                                   {product} {ergonomic}
   size_t MinHeapSize                              = 8388608                                   {product} {ergonomic}
    uintx NonNMethodCodeHeapSize                   = 5839372                                {pd product} {ergonomic}
    uintx NonProfiledCodeHeapSize                  = 122909434                              {pd product} {ergonomic}
    uintx ProfiledCodeHeapSize                     = 122909434                              {pd product} {ergonomic}
    uintx ReservedCodeCacheSize                    = 251658240                              {pd product} {ergonomic}
     bool SegmentedCodeCache                       = true                                      {product} {ergonomic}
     bool ShowCodeDetailsInExceptionMessages       = true                                   {manageable} {command line}
   size_t SoftMaxHeapSize                          = 2109734912                             {manageable} {ergonomic}
     bool UseCompressedClassPointers               = true                                 {lp64_product} {ergonomic}
     bool UseCompressedOops                        = true                                 {lp64_product} {ergonomic}
     bool UseG1GC                                  = true                                      {product} {ergonomic}
     bool UseLargePagesIndividualAllocation        = false                                  {pd product} {ergonomic}

Logging:
Log output configuration:
 #0: stdout all=warning uptime,level,tags
 #1: stderr all=off uptime,level,tags

Environment Variables:
JAVA_HOME=C:\Program Files\Java\jdk-15.0.1
PATH=C:\Program Files (x86)\NVIDIA Corporation\PhysX\Common;C:\Program Files\Common Files\Oracle\Java\javapath;C:\windows\system32;C:\windows;C:\windows\System32\Wbem;C:\windows\System32\WindowsPowerShell\v1.0\;C:\windows\System32\OpenSSH\;C:\Program Files\Intel\WiFi\bin\;C:\Program Files\Common Files\Intel\WirelessCommon\;C:\windows\system32\config\systemprofile\.dnx\bin;C:\Program Files\Microsoft DNX\Dnvm\;C:\Program Files\Microsoft SQL Server\130\Tools\Binn\;C:\Program Files (x86)\Windows Kits\8.1\Windows Performance Toolkit\;C:\Program Files (x86)\Microsoft SQL Server\100\Tools\Binn\;C:\Program Files\Microsoft SQL Server\100\Tools\Binn\;C:\Program Files\Microsoft SQL Server\100\DTS\Binn\;C:\Program Files (x86)\Microsoft SQL Server\100\Tools\Binn\VSShell\Common7\IDE\;C:\Program Files (x86)\Microsoft SQL Server\100\DTS\Binn\;C:\Program Files\Java\jdk-15.0.1\bin;C:\Program Files\nodejs\;C:\Users\\AppData\Local\Programs\Python\Python39;C:\Program Files\Git\cmd;C:\Program Files\apache-maven-3.8.2\bin;C:\Program Files\liquibase;C:\Users\\AppData\Local\Microsoft\WindowsApps;C:\Users\\AppData\Roaming\npm;C:\Users\\AppData\Local\Programs\Microsoft VS Code\bin;C:\Program Files\heroku\bin;C:\Program Files\apache-maven-3.8.2\bin;C:\wamp64\bin\php\php7.3.21;;C:\Program Files\JetBrains\WebStorm 2021.2.2\bin;;C:\Program Files\liquibase
USERNAME=
OS=Windows_NT
PROCESSOR_IDENTIFIER=Intel64 Family 6 Model 142 Stepping 12, GenuineIntel



---------------  S Y S T E M  ---------------

OS:
 Windows 10 , 64 bit Build 17763 (10.0.17763.475)
OS uptime: 2 days 5:32 hours

CPU: total 8 (initial active 8) (4 cores per cpu, 2 threads per core) family 6 model 142 stepping 12 microcode 0xca, cmov, cx8, fxsr, mmx, sse, sse2, sse3, ssse3, sse4.1, sse4.2, popcnt, vzeroupper, avx, avx2, aes, clmul, erms, 3dnowpref, lzcnt, ht, tsc, tscinvbit, bmi1, bmi2, adx, fma, clflush, clflushopt

Memory: 4k page, system-wide physical 8043M (1337M free)
TotalPageFile size 17578M (AvailPageFile size 3041M)
current process WorkingSet (physical memory assigned to process): 320M, peak: 628M
current process commit charge ("private bytes"): 365M, peak: 675M

vm_info: Java HotSpot(TM) 64-Bit Server VM (15.0.1+9-18) for windows-amd64 JRE (15.0.1+9-18), built on Sep 15 2020 14:43:54 by "mach5one" with unknown MS VC++:1925

END.
